<?xml version="1.0" encoding="UTF-8"?>
<!-- Generated by org.testng.reporters.JUnitXMLReporter -->
<testsuite ignored="1" hostname="DESKTOP-UVBSQTK" failures="0" tests="1" name="chromeTest" time="9.672" errors="0" timestamp="2025-01-20T16:41:50 IST">
  <testcase classname="testCases.TC002_LoginTest" name="verify_Login" time="2.426"/>
  <testcase classname="testCases.TC001_AccountRegistrationTest" name="verify_account_registration" time="0.0">
    <ignored/>
  </testcase> <!-- verify_account_registration -->
</testsuite> <!-- chromeTest -->
